CREATE EXTENSION pg_index_stats;
CREATE TABLE qds1 (x integer, y integer);
INSERT INTO qds1 (x,y)
  SELECT value % 72, value % 36 FROM generate_series(1, 10000) AS value;
INSERT INTO qds1 (x,y)
  SELECT value % 250 + 100, value % 250 + 100
  FROM generate_series(1, 1000) AS value;
VACUUM ANALYZE qds1;
SELECT * FROM check_estimated_rows('
  SELECT x,y FROM qds1 WHERE x = 1 AND y = 1;');
 estimated | actual 
-----------+--------
         4 |    139
(1 row)

EXPLAIN (COSTS OFF, EXTSTAT_CANDIDATES ON)
SELECT x,y FROM qds1 WHERE x = 1 AND y = 1; -- ERROR, needs ANALYZE
ERROR:  unrecognized EXPLAIN option "extstat_candidates"
LINE 1: EXPLAIN (COSTS OFF, EXTSTAT_CANDIDATES ON)
                            ^
EXPLAIN (ANALYZE, COSTS OFF, TIMING OFF, SUMMARY OFF, BUFFERS OFF, EXTSTAT_CANDIDATES ON)
SELECT x,y FROM qds1 WHERE x = 1 AND y = 1;
ERROR:  unrecognized EXPLAIN option "extstat_candidates"
LINE 1: ... COSTS OFF, TIMING OFF, SUMMARY OFF, BUFFERS OFF, EXTSTAT_CA...
                                                             ^
SELECT * FROM check_estimated_rows('
  SELECT x,y FROM qds1 WHERE x = 1 AND y = 2;');
 estimated | actual 
-----------+--------
         4 |      0
(1 row)

EXPLAIN (ANALYZE, COSTS OFF, TIMING OFF, SUMMARY OFF,
		 BUFFERS OFF, EXTSTAT_CANDIDATES ON)
SELECT x,y FROM qds1 WHERE x = 1 AND y = 2
; -- Nothing to recommend - too little tuples produced
ERROR:  unrecognized EXPLAIN option "extstat_candidates"
LINE 2:    BUFFERS OFF, EXTSTAT_CANDIDATES ON)
                        ^
SELECT * FROM check_estimated_rows('
  SELECT x,y FROM qds1 WHERE x = 101 AND y = 101;');
 estimated | actual 
-----------+--------
         1 |      4
(1 row)

EXPLAIN (ANALYZE, COSTS OFF, TIMING OFF, SUMMARY OFF,
		 BUFFERS OFF, EXTSTAT_CANDIDATES ON)
SELECT x,y FROM qds1 WHERE x = 101 AND y = 101;
ERROR:  unrecognized EXPLAIN option "extstat_candidates"
LINE 2:    BUFFERS OFF, EXTSTAT_CANDIDATES ON)
                        ^
SELECT * FROM check_estimated_rows('
  SELECT x,y FROM qds1 WHERE x = 71 AND y % 35 = 0');
 estimated | actual 
-----------+--------
         1 |    138
(1 row)

EXPLAIN (ANALYZE, COSTS OFF, TIMING OFF, SUMMARY OFF,
		 BUFFERS OFF, EXTSTAT_CANDIDATES ON)
SELECT x,y FROM qds1 WHERE x = 72 AND y % 36 = 0
; -- Combine expression and column
ERROR:  unrecognized EXPLAIN option "extstat_candidates"
LINE 2:    BUFFERS OFF, EXTSTAT_CANDIDATES ON)
                        ^
SELECT * FROM check_estimated_rows('
  SELECT x,y FROM qds1 WHERE x % 71 = 0 AND x = 71 AND y % 35 = 0');
 estimated | actual 
-----------+--------
         1 |    138
(1 row)

EXPLAIN (ANALYZE, COSTS OFF, TIMING OFF, SUMMARY OFF,
		 BUFFERS OFF, EXTSTAT_CANDIDATES ON)
SELECT x,y FROM qds1 WHERE x % 71 = 0 AND x = 71 AND y % 35 = 0
; -- there are couple of expressions with a column
ERROR:  unrecognized EXPLAIN option "extstat_candidates"
LINE 2:    BUFFERS OFF, EXTSTAT_CANDIDATES ON)
                        ^
SELECT * FROM check_estimated_rows('
  SELECT x,y FROM qds1 WHERE x % 71 = 0 AND x = 71');
 estimated | actual 
-----------+--------
         1 |    138
(1 row)

EXPLAIN (ANALYZE, COSTS OFF, TIMING OFF, SUMMARY OFF,
		 BUFFERS OFF, EXTSTAT_CANDIDATES ON)
SELECT x,y FROM qds1 WHERE x % 71 = 0 AND x = 71
; -- Same column, but expression and column itself
ERROR:  unrecognized EXPLAIN option "extstat_candidates"
LINE 2:    BUFFERS OFF, EXTSTAT_CANDIDATES ON)
                        ^
SELECT * FROM check_estimated_rows('
  SELECT x,y FROM qds1 WHERE x IN (71) AND y > 33 AND y < 37');
 estimated | actual 
-----------+--------
         7 |    138
(1 row)

EXPLAIN (ANALYZE, COSTS OFF, TIMING OFF, SUMMARY OFF,
		 BUFFERS OFF, EXTSTAT_CANDIDATES ON)
SELECT x,y FROM qds1 WHERE x IN (71) AND y > 33 AND y < 37
; -- Two columns, but one of them is inequality. XXX: is this OK for all stat types?
ERROR:  unrecognized EXPLAIN option "extstat_candidates"
LINE 2:    BUFFERS OFF, EXTSTAT_CANDIDATES ON)
                        ^
SELECT * FROM check_estimated_rows('
  SELECT x,y FROM qds1 WHERE x > 70 AND x < 72 AND x = 71');
 estimated | actual 
-----------+--------
         2 |    138
(1 row)

EXPLAIN (ANALYZE, COSTS OFF, TIMING OFF, SUMMARY OFF,
		 BUFFERS OFF, EXTSTAT_CANDIDATES ON)
SELECT x,y FROM qds1 WHERE x > 70 AND x < 72 AND x = 71
; -- The same column only, couple inequalities, no extended statistics
ERROR:  unrecognized EXPLAIN option "extstat_candidates"
LINE 2:    BUFFERS OFF, EXTSTAT_CANDIDATES ON)
                        ^
-- TODO: Need to detect that we gather candidates recursively too
CREATE FUNCTION recursive_execution()
RETURNS bool
AS $func$
BEGIN
  PERFORM x,y FROM qds1 WHERE x IN (71) AND y > 33 AND y < 37;
  RETURN true;
END;
$func$ LANGUAGE PLPGSQL;
EXPLAIN (ANALYZE, COSTS OFF, TIMING OFF, SUMMARY OFF,
		 BUFFERS OFF, EXTSTAT_CANDIDATES ON)
SELECT * FROM recursive_execution();
ERROR:  unrecognized EXPLAIN option "extstat_candidates"
LINE 2:    BUFFERS OFF, EXTSTAT_CANDIDATES ON)
                        ^
-- Before we had a recommendation to build statistics on the (x,y).
-- Now we have a stat, so no recommendations should be provided.
 -- Unfortunately, it only works after an analyse. We may avoid it - see the
-- get_relation_statistics routine, but will add more overhead. XXX: Is this
-- worth it?
CREATE STATISTICS qds1_x_y ON x,y FROM qds1;
ANALYZE qds1;
EXPLAIN (ANALYZE, COSTS OFF, TIMING OFF, SUMMARY OFF,
		 BUFFERS OFF, EXTSTAT_CANDIDATES ON)
SELECT x,y FROM qds1 WHERE x IN (71) AND y > 33 AND y < 37;
ERROR:  unrecognized EXPLAIN option "extstat_candidates"
LINE 2:    BUFFERS OFF, EXTSTAT_CANDIDATES ON)
                        ^
DROP FUNCTION recursive_execution;
DROP EXTENSION pg_index_stats;
