CREATE EXTENSION pg_index_stats;
CREATE TABLE sc_a(x integer, y text) WITH (autovacuum_enabled = off);
-- Without data no statistics created
EXPLAIN (COSTS OFF, STAT ON)
SELECT * FROM sc_a WHERE x=1 AND y LIKE 'a';
                  QUERY PLAN                  
----------------------------------------------
 Seq Scan on sc_a
   Filter: ((y ~~ 'a'::text) AND (x = 1))
 Statistics:
 No statistics used during the query planning
(4 rows)

EXPLAIN (ANALYZE, COSTS OFF, TIMING OFF, BUFFERS OFF, STAT ON, SUMMARY OFF)
SELECT * FROM sc_a WHERE x=1 AND y LIKE 'a';
                  QUERY PLAN                  
----------------------------------------------
 Seq Scan on sc_a (actual rows=0.00 loops=1)
   Filter: ((y ~~ 'a'::text) AND (x = 1))
 Statistics:
 No statistics used during the query planning
(4 rows)

VACUUM ANALYZE sc_a;
EXPLAIN (COSTS OFF, STAT ON)
SELECT * FROM sc_a WHERE x=1 AND y LIKE 'a';
                  QUERY PLAN                  
----------------------------------------------
 Seq Scan on sc_a
   Filter: ((y ~~ 'a'::text) AND (x = 1))
 Statistics:
 No statistics used during the query planning
(4 rows)

EXPLAIN (ANALYZE, COSTS OFF, TIMING OFF, BUFFERS OFF, STAT ON, SUMMARY OFF)
SELECT * FROM sc_a WHERE x=1 AND y LIKE 'a';
                  QUERY PLAN                  
----------------------------------------------
 Seq Scan on sc_a (actual rows=0.00 loops=1)
   Filter: ((y ~~ 'a'::text) AND (x = 1))
 Statistics:
 No statistics used during the query planning
(4 rows)

-- Add some data and watch statistics - but only after an analyse.
INSERT INTO sc_a(x,y) (SELECT gs, 'abc'||gs%10 FROM generate_series(1,100) AS gs);
EXPLAIN (COSTS OFF, STAT ON)
SELECT * FROM sc_a WHERE x=1 AND y LIKE 'a';
                  QUERY PLAN                  
----------------------------------------------
 Seq Scan on sc_a
   Filter: ((y ~~ 'a'::text) AND (x = 1))
 Statistics:
 No statistics used during the query planning
(4 rows)

VACUUM ANALYZE sc_a;
EXPLAIN (COSTS OFF, STAT ON)
SELECT * FROM sc_a WHERE x=1 AND y LIKE 'a';
                           QUERY PLAN                           
----------------------------------------------------------------
 Seq Scan on sc_a
   Filter: ((y ~~ 'a'::text) AND (x = 1))
 Statistics:
 "sc_a.y: 1 times, stats: { MCV: 10 values; Correlation }"
 "sc_a.x: 1 times, stats: { Histogram: 0 values; Correlation }"
(5 rows)

EXPLAIN (COSTS OFF, STAT ON)
SELECT * FROM sc_a s1 JOIN sc_a s2 ON true
WHERE s1.x=1 AND s2.y LIKE 'a';
                          QUERY PLAN                          
--------------------------------------------------------------
 Nested Loop
   ->  Seq Scan on sc_a s1
         Filter: (x = 1)
   ->  Seq Scan on sc_a s2
         Filter: (y ~~ 'a'::text)
 Statistics:
 "s2.y: 1 times, stats: { MCV: 10 values; Correlation }"
 "s1.x: 1 times, stats: { Histogram: 0 values; Correlation }"
(8 rows)

-- Check format
EXPLAIN (COSTS OFF, STAT ON, FORMAT JSON)
SELECT * FROM sc_a WHERE x=1 AND y LIKE 'a';
                                  QUERY PLAN                                  
------------------------------------------------------------------------------
 [                                                                           +
   {                                                                         +
     "Plan": {                                                               +
       "Node Type": "Seq Scan",                                              +
       "Parallel Aware": false,                                              +
       "Async Capable": false,                                               +
       "Relation Name": "sc_a",                                              +
       "Alias": "sc_a",                                                      +
       "Disabled": false,                                                    +
       "Filter": "((y ~~ 'a'::text) AND (x = 1))"                            +
     },                                                                      +
     "Statistics": {"sc_a.y: 1 times, stats: { MCV: 10 values; Correlation }"+
 "sc_a.x: 1 times, stats: { Histogram: 0 values; Correlation }"              +
                                                                             +
     }                                                                       +
   }                                                                         +
 ]
(1 row)

DROP EXTENSION pg_index_stats;
